[D][uart_debug:114]: <<< 00
[D][uart_debug:114]: <<< 00
[D][uart_debug:114]: <<< 01:01:01:13:11:03
[D][uart_debug:114]: <<< 01:04:01:18:13:03
[D][uart_debug:114]: <<< 01:03:01:68:64:03
[D][uart_debug:114]: <<< 01:01:01:13:11:03
[D][uart_debug:114]: <<< 01:03:01:68:64:03
[D][uart_debug:114]: <<< 01:01:01:13:11:03
[D][uart_debug:114]: <<< 01:03:01:68:64:03
[D][uart_debug:114]: <<< 01:03:01:05:01:03
[D][uart_debug:114]: <<< 01:04:01:17:12:03
[D][uart_debug:114]: <<< 01:03:01:68:64:03
[D][uart_debug:114]: <<< 01:03:01:05:01:03
[D][uart_debug:114]: <<< 01:03:01:36:32:03
[D][uart_debug:114]: <<< 01:03:01:68:64:03
[D][uart_debug:114]: <<< 01:03:01:05:01:03
[D][uart_debug:114]: <<< 01:03:01:36:32:03
[D][uart_debug:114]: <<< 01:03:01:68:64:03
[D][uart_debug:114]: <<< 01:04:01:18:13:03
[D][uart_debug:114]: <<< 01:03:01:05:01:03
[D][uart_debug:114]: <<< 01:03:01:05:01:03
[D][uart_debug:114]: <<< 01:03:01:36:32:03
[D][uart_debug:114]: <<< 01:03:01:68:64:03
[D][uart_debug:114]: <<< 01:04:01:17:12:03
[D][uart_debug:114]: <<< 01:03:01:68:64:03
[D][uart_debug:114]: <<< 01:01:01:13:11:03
[D][uart_debug:114]: <<< 01:03:01:68:64:03
[D][uart_debug:114]: <<< 01:01:01:13:11:03
[D][uart_debug:114]: <<< 01:01:01:13:11:03
[D][uart_debug:114]: <<< 01:03:01:68:64:03
[D][uart_debug:114]: <<< 01:04:01:18:13:03
[D][uart_debug:114]: <<< 01:03:01:68:64:03
[D][uart_debug:114]: <<< 01:03:01:4B:47:03
[D][uart_debug:114]: <<< 01:04:01:17:12:03
[D][uart_debug:114]: <<< 01:03:01:68:64:03
[D][uart_debug:114]: <<< 01:04:01:18:13:03
[D][uart_debug:114]: <<< 01:03:01:4B:47:03
[D][uart_debug:114]: <<< 01:04:01:17:12:03
[D][uart_debug:114]: <<< 01:03:01:68:64:03
[D][uart_debug:114]: <<< 01:04:01:18:13:03
[D][uart_debug:114]: <<< 01:03:01:4B:47:03
[D][uart_debug:114]: <<< 01:03:01:1D:19:03
[D][uart_debug:114]: <<< 01:04:01:17:12:03
[D][uart_debug:114]: <<< 01:03:01:68:64:03
[D][uart_debug:114]: <<< 01:03:01:36:32:03
[D][uart_debug:114]: <<< 01:04:01:18:13:03
[D][uart_debug:114]: <<< 01:03:01:1D:19:03
[D][uart_debug:114]: <<< 01:04:01:17:12:03
[D][uart_debug:114]: <<< 01:04:01:17:12:03
[D][uart_debug:114]: <<< 01:03:01:36:32:03
[D][uart_debug:114]: <<< 01:04:01:18:13:03
[D][uart_debug:114]: <<< 01:03:01:1D:19:03
[D][uart_debug:114]: <<< 01:03:01:68:64:03
[D][uart_debug:114]: <<< 01:03:01:37:33:03
[D][uart_debug:114]: <<< 01:03:01:47:43:03
[D][uart_debug:114]: <<< 01:03:01:4A:46:03
[D][uart_debug:114]: <<< 01:03:01:05:01:03
[D][uart_debug:114]: <<< 01:03:01:68:64:03
[D][uart_debug:114]: <<< 01:03:01:5E:5A:03
[D][uart_debug:114]: <<< 01:04:01:17:12:03
[D][uart_debug:114]: <<< 01:03:01:36:32:03

